[debug] [2023-11-30T00:53:48.409Z] ----------------------------------------------------------------------
[debug] [2023-11-30T00:53:48.473Z] Command:       C:\Program Files\nodejs\node.exe C:\Users\acabral\AppData\Roaming\npm\node_modules\firebase-tools\lib\bin\firebase.js init
[debug] [2023-11-30T00:53:48.474Z] CLI Version:   12.9.1
[debug] [2023-11-30T00:53:48.475Z] Platform:      win32
[debug] [2023-11-30T00:53:48.476Z] Node Version:  v20.10.0
[debug] [2023-11-30T00:53:48.476Z] Time:          Wed Nov 29 2023 18:53:48 GMT-0600 (hora estándar central)
[debug] [2023-11-30T00:53:48.476Z] ----------------------------------------------------------------------
[debug] 
[debug] [2023-11-30T00:53:48.573Z] >>> [apiv2][query] GET https://firebase-public.firebaseio.com/cli.json [none]
[debug] [2023-11-30T00:53:49.546Z] > command requires scopes: ["email","openid","https://www.googleapis.com/auth/cloudplatformprojects.readonly","https://www.googleapis.com/auth/firebase","https://www.googleapis.com/auth/cloud-platform"]
[debug] [2023-11-30T00:53:49.548Z] > authorizing via signed-in user (thurrikbral@gmail.com)
[info] 
     ######## #### ########  ######## ########     ###     ######  ########
     ##        ##  ##     ## ##       ##     ##  ##   ##  ##       ##
     ######    ##  ########  ######   ########  #########  ######  ######
     ##        ##  ##    ##  ##       ##     ## ##     ##       ## ##
     ##       #### ##     ## ######## ########  ##     ##  ######  ########

You're about to initialize a Firebase project in this directory:

  C:\xtra\pokedex-app

Before we get started, keep in mind:

  * You are currently outside your home directory
  * You are initializing within an existing Firebase project directory

[debug] [2023-11-30T00:53:49.888Z] <<< [apiv2][status] GET https://firebase-public.firebaseio.com/cli.json 200
[debug] [2023-11-30T00:53:49.889Z] <<< [apiv2][body] GET https://firebase-public.firebaseio.com/cli.json {"cloudBuildErrorAfter":1594252800000,"cloudBuildWarnAfter":1590019200000,"defaultNode10After":1594252800000,"minVersion":"3.0.5","node8DeploysDisabledAfter":1613390400000,"node8RuntimeDisabledAfter":1615809600000,"node8WarnAfter":1600128000000}
