[debug] [2023-11-30T01:38:43.348Z] ----------------------------------------------------------------------
[debug] [2023-11-30T01:38:43.356Z] Command:       C:\Program Files\nodejs\node.exe C:\Users\acabral\AppData\Roaming\npm\node_modules\firebase-tools\lib\bin\firebase.js init
[debug] [2023-11-30T01:38:43.357Z] CLI Version:   12.9.1
[debug] [2023-11-30T01:38:43.358Z] Platform:      win32
[debug] [2023-11-30T01:38:43.358Z] Node Version:  v20.10.0
[debug] [2023-11-30T01:38:43.359Z] Time:          Wed Nov 29 2023 19:38:43 GMT-0600 (hora estándar central)
[debug] [2023-11-30T01:38:43.359Z] ----------------------------------------------------------------------
[debug] 
[debug] [2023-11-30T01:38:43.582Z] > command requires scopes: ["email","openid","https://www.googleapis.com/auth/cloudplatformprojects.readonly","https://www.googleapis.com/auth/firebase","https://www.googleapis.com/auth/cloud-platform"]
[debug] [2023-11-30T01:38:43.583Z] > authorizing via signed-in user (thurrikbral@gmail.com)
[info] 
     ######## #### ########  ######## ########     ###     ######  ########
     ##        ##  ##     ## ##       ##     ##  ##   ##  ##       ##
     ######    ##  ########  ######   ########  #########  ######  ######
     ##        ##  ##    ##  ##       ##     ## ##     ##       ## ##
     ##       #### ##     ## ######## ########  ##     ##  ######  ########

You're about to initialize a Firebase project in this directory:

  C:\xtra\pokedex-app

Before we get started, keep in mind:

  * You are currently outside your home directory
  * You are initializing within an existing Firebase project directory

[info] 
=== Project Setup
[info] 
[info] First, let's associate this project directory with a Firebase project.
[info] You can create multiple project aliases by running firebase use --add, 
[info] but for now we'll just set up a default project.
[info] 
[debug] [2023-11-30T01:39:01.845Z] Using project from CLI flag: poketest-app-78a3e
[debug] [2023-11-30T01:39:01.866Z] >>> [apiv2][query] GET https://firebase.googleapis.com/v1beta1/projects/poketest-app-78a3e [none]
[debug] [2023-11-30T01:39:02.588Z] <<< [apiv2][status] GET https://firebase.googleapis.com/v1beta1/projects/poketest-app-78a3e 200
[debug] [2023-11-30T01:39:02.589Z] <<< [apiv2][body] GET https://firebase.googleapis.com/v1beta1/projects/poketest-app-78a3e {"projectId":"poketest-app-78a3e","projectNumber":"766351513340","displayName":"pokedex-app","name":"projects/poketest-app-78a3e","resources":{"hostingSite":"poketest-app-78a3e","storageBucket":"poketest-app-78a3e.appspot.com","locationId":"us-central"},"state":"ACTIVE","etag":"1_5327ca67-63f7-4a7a-ab34-debae809c02e"}
[info] i  Using project poketest-app-78a3e (pokedex-app) 
[info] 
=== Hosting Setup
[debug] [2023-11-30T01:39:02.642Z] >>> [apiv2][query] GET https://firebase.googleapis.com/v1beta1/projects/poketest-app-78a3e [none]
[debug] [2023-11-30T01:39:02.781Z] <<< [apiv2][status] GET https://firebase.googleapis.com/v1beta1/projects/poketest-app-78a3e 200
[debug] [2023-11-30T01:39:02.781Z] <<< [apiv2][body] GET https://firebase.googleapis.com/v1beta1/projects/poketest-app-78a3e {"projectId":"poketest-app-78a3e","projectNumber":"766351513340","displayName":"pokedex-app","name":"projects/poketest-app-78a3e","resources":{"hostingSite":"poketest-app-78a3e","storageBucket":"poketest-app-78a3e.appspot.com","locationId":"us-central"},"state":"ACTIVE","etag":"1_5327ca67-63f7-4a7a-ab34-debae809c02e"}
[info] 
[info] Your public directory is the folder (relative to your project directory) that
[info] will contain Hosting assets to be uploaded with firebase deploy. If you
[info] have a build process for your assets, use your build's output directory.
[info] 
